TN:
SF:src/utils/email/aiSuggestEmail.ts
FN:47,getExtractor
FN:54,cosine
FN:66,levenshtein
FN:67,(anonymous_3)
FN:89,aiSuggestEmailDomain
FN:103,(anonymous_5)
FN:107,embed
FN:144,__clearCache
FNF:8
FNH:8
FNDA:38,getExtractor
FNDA:954,cosine
FNDA:32,levenshtein
FNDA:431,(anonymous_3)
FNDA:42,aiSuggestEmailDomain
FNDA:1038,(anonymous_5)
FNDA:991,embed
FNDA:41,__clearCache
DA:7,1
DA:10,1
DA:44,1
DA:45,1
DA:48,38
DA:49,33
DA:51,38
DA:55,954
DA:56,954
DA:57,954
DA:58,954
DA:59,47808
DA:60,47808
DA:61,47808
DA:63,954
DA:67,32
DA:68,431
DA:70,431
DA:71,339
DA:72,32
DA:73,399
DA:74,3900
DA:75,3900
DA:82,32
DA:93,42
DA:94,42
DA:96,38
DA:97,42
DA:98,42
DA:99,42
DA:103,1038
DA:105,42
DA:108,991
DA:109,905
DA:114,903
DA:117,991
DA:118,991
DA:119,991
DA:122,37
DA:123,35
DA:125,35
DA:126,954
DA:127,954
DA:128,954
DA:131,35
DA:134,32
DA:136,22
DA:145,41
DA:146,41
LF:49
LH:49
BRDA:48,0,0,33
BRDA:48,0,1,5
BRDA:74,1,0,409
BRDA:74,1,1,3491
BRDA:91,2,0,42
BRDA:94,3,0,4
BRDA:94,3,1,38
BRDA:94,4,0,42
BRDA:94,4,1,40
BRDA:96,5,0,38
BRDA:96,5,1,37
BRDA:97,6,0,42
BRDA:97,6,1,32
BRDA:98,7,0,42
BRDA:98,7,1,34
BRDA:100,8,0,1
BRDA:100,8,1,37
BRDA:100,9,0,42
BRDA:100,9,1,2
BRDA:108,10,0,86
BRDA:108,10,1,905
BRDA:114,11,0,1
BRDA:114,11,1,902
BRDA:128,12,0,52
BRDA:128,12,1,902
BRDA:128,13,0,954
BRDA:128,13,1,919
BRDA:131,14,0,3
BRDA:131,14,1,32
BRDA:131,15,0,35
BRDA:131,15,1,35
BRDA:134,16,0,10
BRDA:134,16,1,22
BRF:33
BRH:33
end_of_record
